{"/home/n0va/Documents/ensta/Archi_Distri/Cloud/i-want-typescript/src/hello-world.ts": {"path":"/home/n0va/Documents/ensta/Archi_Distri/Cloud/i-want-typescript/src/hello-world.ts","statementMap":{"0":{"start":{"line":5,"column":26},"end":{"line":7,"column":1}},"1":{"start":{"line":6,"column":2},"end":{"line":6,"column":25}},"2":{"start":{"line":5,"column":13},"end":{"line":5,"column":26}}},"fnMap":{"0":{"name":"(anonymous_0)","decl":{"start":{"line":5,"column":26},"end":{"line":5,"column":37}},"loc":{"start":{"line":5,"column":39},"end":{"line":7,"column":1}}}},"branchMap":{},"s":{"0":1,"1":1,"2":1},"f":{"0":1},"b":{}}
}
